[2026-01-28 06:42:27] [INFO] [Safespace] Test log entry
[2026-01-28 06:42:34] [INFO] [Safespace] Test log entry
[2026-01-28 06:56:27] [INFO] [SafespaceNode] Initializing Safespace Node...
[2026-01-28 07:00:05] [INFO] [SafespaceNode] Initializing Safespace Node...
[2026-01-28 07:00:18] [INFO] [SafespaceNode] Initializing Safespace Node...
[2026-01-28 07:00:58] [INFO] [SafespaceNode] Initializing Safespace Node...
[2026-01-28 07:00:58] [INFO] [SafespaceNode] Starting Safespace Node services...
[2026-01-28 07:00:58] [INFO] [CommunicationManager] Connecting to Safespace Central Unit...
[2026-01-28 07:00:58] [ERROR] [engineio.client] websocket-client package not installed, only polling transport is available
[2026-01-28 07:00:58] [INFO] [IOManager] Starting IO components...
[2026-01-28 07:00:58] [INFO] [CameraHandler] Camera started on index 0
[2026-01-28 07:01:03] [INFO] [SafespaceNode] Manual accident report triggered by user.
[2026-01-28 07:01:03] [INFO] [CommunicationManager] Reporting accident for lane 1...
[2026-01-28 07:01:03] [WARNING] [FailureManager] Failure detected: NetworkError - Failed to report accident via HTTP
[2026-01-28 07:01:57] [INFO] [SafespaceNode] Stopping Safespace Node...
[2026-01-28 07:01:58] [INFO] [CommunicationManager] Communication Service stopped
[2026-01-28 07:01:58] [INFO] [CameraHandler] Camera stopped
[2026-01-28 07:01:58] [INFO] [IOManager] IO Manager stopped
[2026-01-28 07:01:58] [INFO] [SafespaceNode] Safespace Node stopped successfully.
[2026-01-28 07:06:56] [INFO] [SafespaceNode] Initializing Safespace Node...
[2026-01-28 07:06:56] [INFO] [SafespaceNode] Starting Safespace Node services...
[2026-01-28 07:06:56] [INFO] [NetworkManager] Connecting to Safespace Central Unit...
[2026-01-28 07:06:56] [ERROR] [engineio.client] websocket-client package not installed, only polling transport is available
[2026-01-28 07:06:56] [INFO] [IOManager] Starting IO components...
[2026-01-28 07:06:56] [INFO] [CameraHandler] Camera started on index 0
[2026-01-28 07:07:03] [INFO] [SafespaceNode] User triggered a manual accident report.
[2026-01-28 07:07:03] [INFO] [CameraHandler] Frame saved to /home/nasser/Projects/python/Safespace/safespace/assets/accidents_images/accident_20260128_070703.jpg
[2026-01-28 07:07:03] [INFO] [NetworkManager] Reporting accident for lane 1...
[2026-01-28 07:07:03] [WARNING] [FailureManager] Failure detected: NetworkError - Failed to report accident via HTTP
[2026-01-28 07:07:26] [INFO] [SafespaceNode] Stopping Safespace Node...
[2026-01-28 07:07:27] [INFO] [NetworkManager] Network Manager stopped
[2026-01-28 07:07:27] [INFO] [CameraHandler] Camera stopped
[2026-01-28 07:07:27] [INFO] [IOManager] IO Manager stopped
[2026-01-28 07:07:27] [INFO] [SafespaceNode] Safespace Node stopped successfully.
[2026-01-28 07:08:16] [INFO] [SafespaceNode] Initializing Safespace Node...
[2026-01-28 07:08:16] [INFO] [SafespaceNode] Starting Safespace Node services...
[2026-01-28 07:08:16] [INFO] [NetworkManager] Connecting to Safespace Central Unit...
[2026-01-28 07:08:16] [ERROR] [engineio.client] websocket-client package not installed, only polling transport is available
[2026-01-28 07:08:16] [INFO] [IOManager] Starting IO components...
[2026-01-28 07:08:16] [INFO] [CameraHandler] Camera started on index 0
[2026-01-28 07:08:22] [INFO] [SafespaceNode] User triggered a manual accident report.
[2026-01-28 07:08:22] [INFO] [CameraHandler] Frame saved to /home/nasser/Projects/python/Safespace/safespace/assets/accidents_images/accident_20260128_070822.jpg
[2026-01-28 07:08:22] [INFO] [NetworkManager] Reporting accident for lane 1...
[2026-01-28 07:08:32] [WARNING] [FailureManager] Failure detected: NetworkError - Failed to report accident via HTTP
[2026-01-28 07:08:51] [INFO] [SafespaceNode] User triggered a manual accident report.
[2026-01-28 07:08:51] [INFO] [CameraHandler] Frame saved to /home/nasser/Projects/python/Safespace/safespace/assets/accidents_images/accident_20260128_070851.jpg
[2026-01-28 07:08:51] [INFO] [NetworkManager] Reporting accident for lane 1...
[2026-01-28 07:08:56] [INFO] [SafespaceNode] Stopping Safespace Node...
[2026-01-28 07:08:57] [INFO] [NetworkManager] Network Manager stopped
[2026-01-28 07:08:57] [INFO] [CameraHandler] Camera stopped
[2026-01-28 07:08:57] [INFO] [IOManager] IO Manager stopped
[2026-01-28 07:08:57] [INFO] [SafespaceNode] Safespace Node stopped successfully.
[2026-01-28 07:09:03] [INFO] [SafespaceNode] Initializing Safespace Node...
[2026-01-28 07:09:03] [INFO] [SafespaceNode] Starting Safespace Node services...
[2026-01-28 07:09:03] [INFO] [NetworkManager] Connecting to Safespace Central Unit...
[2026-01-28 07:09:03] [ERROR] [engineio.client] websocket-client package not installed, only polling transport is available
[2026-01-28 07:09:03] [INFO] [IOManager] Starting IO components...
[2026-01-28 07:09:04] [INFO] [CameraHandler] Camera started on index 0
[2026-01-28 07:09:05] [INFO] [SafespaceNode] User triggered a manual accident report.
[2026-01-28 07:09:05] [INFO] [CameraHandler] Frame saved to /home/nasser/Projects/python/Safespace/safespace/assets/accidents_images/accident_20260128_070905.jpg
[2026-01-28 07:09:05] [INFO] [NetworkManager] Reporting accident for lane 1...
[2026-01-28 07:09:12] [INFO] [SafespaceNode] User triggered a manual accident report.
[2026-01-28 07:09:12] [INFO] [CameraHandler] Frame saved to /home/nasser/Projects/python/Safespace/safespace/assets/accidents_images/accident_20260128_070912.jpg
[2026-01-28 07:09:12] [INFO] [NetworkManager] Reporting accident for lane 1...
[2026-01-28 07:09:15] [WARNING] [FailureManager] Failure detected: NetworkError - Failed to report accident via HTTP
[2026-01-28 07:09:18] [INFO] [SafespaceNode] Stopping Safespace Node...
[2026-01-28 07:09:19] [INFO] [NetworkManager] Network Manager stopped
[2026-01-28 07:09:19] [INFO] [CameraHandler] Camera stopped
[2026-01-28 07:09:19] [INFO] [IOManager] IO Manager stopped
[2026-01-28 07:09:19] [INFO] [SafespaceNode] Safespace Node stopped successfully.
[2026-01-28 07:10:51] [INFO] [SafespaceNode] Initializing Safespace Node...
[2026-01-28 07:10:51] [INFO] [SafespaceNode] Starting Safespace Node services...
[2026-01-28 07:10:51] [INFO] [NetworkManager] Connecting to Safespace Central Unit...
[2026-01-28 07:10:51] [INFO] [IOManager] Starting IO components...
[2026-01-28 07:10:51] [INFO] [CameraHandler] Camera started on index 0
[2026-01-28 07:10:54] [INFO] [SafespaceNode] User triggered a manual accident report.
[2026-01-28 07:10:54] [INFO] [CameraHandler] Frame saved to /home/nasser/Projects/python/Safespace/safespace/assets/accidents_images/accident_20260128_071054.jpg
[2026-01-28 07:10:54] [INFO] [NetworkManager] Reporting accident for lane 1...
[2026-01-28 07:10:57] [INFO] [SafespaceNode] User triggered a manual accident report.
[2026-01-28 07:10:57] [INFO] [CameraHandler] Frame saved to /home/nasser/Projects/python/Safespace/safespace/assets/accidents_images/accident_20260128_071057.jpg
[2026-01-28 07:10:57] [INFO] [NetworkManager] Reporting accident for lane 1...
[2026-01-28 07:11:02] [INFO] [SafespaceNode] Stopping Safespace Node...
[2026-01-28 07:11:03] [INFO] [NetworkManager] Network Manager stopped
[2026-01-28 07:11:03] [INFO] [CameraHandler] Camera stopped
[2026-01-28 07:11:03] [INFO] [IOManager] IO Manager stopped
[2026-01-28 07:11:03] [INFO] [SafespaceNode] Safespace Node stopped successfully.
[2026-01-28 07:11:18] [INFO] [SafespaceNode] Initializing Safespace Node...
[2026-01-28 07:11:18] [INFO] [SafespaceNode] Starting Safespace Node services...
[2026-01-28 07:11:18] [INFO] [NetworkManager] Connecting to Safespace Central Unit...
[2026-01-28 07:11:18] [INFO] [IOManager] Starting IO components...
[2026-01-28 07:11:18] [INFO] [CameraHandler] Camera started on index 0
[2026-01-28 07:11:24] [INFO] [SafespaceNode] User triggered a manual accident report.
[2026-01-28 07:11:24] [INFO] [CameraHandler] Frame saved to /home/nasser/Projects/python/Safespace/safespace/assets/accidents_images/accident_20260128_071124.jpg
[2026-01-28 07:11:24] [INFO] [NetworkManager] Reporting accident for lane 1...
[2026-01-28 07:11:51] [INFO] [SafespaceNode] User triggered a manual accident report.
[2026-01-28 07:11:51] [INFO] [CameraHandler] Frame saved to /home/nasser/Projects/python/Safespace/safespace/assets/accidents_images/accident_20260128_071151.jpg
[2026-01-28 07:11:51] [INFO] [NetworkManager] Reporting accident for lane 1...
[2026-01-28 07:11:56] [INFO] [SafespaceNode] User triggered a manual accident report.
[2026-01-28 07:11:56] [INFO] [CameraHandler] Frame saved to /home/nasser/Projects/python/Safespace/safespace/assets/accidents_images/accident_20260128_071156.jpg
[2026-01-28 07:11:56] [INFO] [NetworkManager] Reporting accident for lane 1...
[2026-01-28 07:11:58] [INFO] [SafespaceNode] User triggered a manual accident report.
[2026-01-28 07:11:58] [INFO] [CameraHandler] Frame saved to /home/nasser/Projects/python/Safespace/safespace/assets/accidents_images/accident_20260128_071158.jpg
[2026-01-28 07:11:58] [INFO] [NetworkManager] Reporting accident for lane 1...
[2026-01-28 07:12:00] [INFO] [SafespaceNode] Stopping Safespace Node...
[2026-01-28 07:12:01] [INFO] [NetworkManager] Network Manager stopped
[2026-01-28 07:12:02] [INFO] [CameraHandler] Camera stopped
[2026-01-28 07:12:02] [INFO] [IOManager] IO Manager stopped
[2026-01-28 07:12:02] [INFO] [SafespaceNode] Safespace Node stopped successfully.
[2026-01-28 07:12:28] [INFO] [SafespaceNode] Initializing Safespace Node...
[2026-01-28 07:12:28] [INFO] [SafespaceNode] Starting Safespace Node services...
[2026-01-28 07:12:28] [INFO] [NetworkManager] Connecting to Safespace Central Unit...
[2026-01-28 07:12:28] [INFO] [IOManager] Starting IO components...
[2026-01-28 07:12:28] [INFO] [CameraHandler] Camera started on index 0
[2026-01-28 07:12:54] [INFO] [SafespaceNode] User triggered a manual accident report.
[2026-01-28 07:12:54] [INFO] [CameraHandler] Frame saved to /home/nasser/Projects/python/Safespace/safespace/assets/accidents_images/accident_20260128_071254.jpg
[2026-01-28 07:12:54] [INFO] [NetworkManager] Reporting accident for lane 1...
[2026-01-28 07:13:12] [INFO] [SafespaceNode] Stopping Safespace Node...
[2026-01-28 07:13:13] [INFO] [NetworkManager] Network Manager stopped
[2026-01-28 07:13:13] [INFO] [CameraHandler] Camera stopped
[2026-01-28 07:13:13] [INFO] [IOManager] IO Manager stopped
[2026-01-28 07:13:13] [INFO] [SafespaceNode] Safespace Node stopped successfully.
[2026-01-28 07:15:05] [INFO] [SafespaceNode] Initializing Safespace Node...
[2026-01-28 07:15:05] [INFO] [SafespaceNode] Starting Safespace Node services...
[2026-01-28 07:15:05] [INFO] [NetworkManager] Connecting to Safespace Central Unit...
[2026-01-28 07:15:05] [INFO] [IOManager] Starting IO components...
[2026-01-28 07:15:05] [INFO] [CameraHandler] Camera started on index 0
[2026-01-28 07:15:10] [INFO] [SafespaceNode] User triggered a manual accident report.
[2026-01-28 07:15:10] [INFO] [CameraHandler] Frame saved to /home/nasser/Projects/python/Safespace/safespace/assets/accidents_images/accident_20260128_071510.jpg
[2026-01-28 07:15:10] [INFO] [NetworkManager] Reporting accident for lane 1...
[2026-01-28 07:15:22] [INFO] [SafespaceNode] User triggered a manual accident report.
[2026-01-28 07:15:22] [INFO] [CameraHandler] Frame saved to /home/nasser/Projects/python/Safespace/safespace/assets/accidents_images/accident_20260128_071522.jpg
[2026-01-28 07:15:22] [INFO] [NetworkManager] Reporting accident for lane 1...
[2026-01-28 07:15:25] [INFO] [SafespaceNode] Stopping Safespace Node...
[2026-01-28 07:15:26] [INFO] [NetworkManager] Network Manager stopped
[2026-01-28 07:15:26] [INFO] [CameraHandler] Camera stopped
[2026-01-28 07:15:26] [INFO] [IOManager] IO Manager stopped
[2026-01-28 07:15:26] [INFO] [SafespaceNode] Safespace Node stopped successfully.
[2026-01-28 07:15:39] [INFO] [SafespaceNode] Initializing Safespace Node...
[2026-01-28 07:15:39] [INFO] [SafespaceNode] Starting Safespace Node services...
[2026-01-28 07:15:39] [INFO] [NetworkManager] Connecting to Safespace Central Unit...
[2026-01-28 07:15:39] [INFO] [IOManager] Starting IO components...
[2026-01-28 07:15:39] [INFO] [CameraHandler] Camera started on index 0
[2026-01-28 07:15:45] [INFO] [SafespaceNode] User triggered a manual accident report.
[2026-01-28 07:15:45] [INFO] [CameraHandler] Frame saved to /home/nasser/Projects/python/Safespace/safespace/assets/accidents_images/accident_20260128_071545.jpg
[2026-01-28 07:15:45] [INFO] [NetworkManager] Reporting accident for lane 1...
[2026-01-28 07:16:27] [INFO] [SafespaceNode] Stopping Safespace Node...
[2026-01-28 07:16:28] [INFO] [NetworkManager] Network Manager stopped
[2026-01-28 07:16:28] [INFO] [CameraHandler] Camera stopped
[2026-01-28 07:16:28] [INFO] [IOManager] IO Manager stopped
[2026-01-28 07:16:28] [INFO] [SafespaceNode] Safespace Node stopped successfully.
[2026-01-28 07:16:42] [INFO] [SafespaceNode] Initializing Safespace Node...
[2026-01-28 07:16:42] [INFO] [SafespaceNode] Starting Safespace Node services...
[2026-01-28 07:16:42] [INFO] [NetworkManager] Connecting to Safespace Central Unit...
[2026-01-28 07:16:42] [INFO] [IOManager] Starting IO components...
[2026-01-28 07:16:42] [INFO] [CameraHandler] Camera started on index 0
[2026-01-28 07:16:48] [INFO] [SafespaceNode] User triggered a manual accident report.
[2026-01-28 07:16:48] [INFO] [CameraHandler] Frame saved to /home/nasser/Projects/python/Safespace/safespace/assets/accidents_images/accident_20260128_071648.jpg
[2026-01-28 07:16:48] [INFO] [NetworkManager] Reporting accident for lane 1...
[2026-01-28 07:17:01] [INFO] [SafespaceNode] User triggered a manual accident report.
[2026-01-28 07:17:01] [INFO] [CameraHandler] Frame saved to /home/nasser/Projects/python/Safespace/safespace/assets/accidents_images/accident_20260128_071701.jpg
[2026-01-28 07:17:01] [INFO] [NetworkManager] Reporting accident for lane 1...
[2026-01-28 07:17:07] [INFO] [SafespaceNode] Stopping Safespace Node...
[2026-01-28 07:17:08] [INFO] [NetworkManager] Network Manager stopped
[2026-01-28 07:17:08] [INFO] [CameraHandler] Camera stopped
[2026-01-28 07:17:08] [INFO] [IOManager] IO Manager stopped
[2026-01-28 07:17:08] [INFO] [SafespaceNode] Safespace Node stopped successfully.
[2026-01-28 07:17:43] [INFO] [SafespaceNode] Initializing Safespace Node...
[2026-01-28 07:17:43] [INFO] [SafespaceNode] Starting Safespace Node services...
[2026-01-28 07:17:43] [INFO] [NetworkManager] Connecting to Safespace Central Unit...
[2026-01-28 07:17:43] [INFO] [IOManager] Starting IO components...
[2026-01-28 07:17:43] [INFO] [CameraHandler] Camera started on index 0
[2026-01-28 07:17:44] [INFO] [SafespaceNode] User triggered a manual accident report.
[2026-01-28 07:17:44] [INFO] [CameraHandler] Frame saved to /home/nasser/Projects/python/Safespace/safespace/assets/accidents_images/accident_20260128_071744.jpg
[2026-01-28 07:17:44] [INFO] [NetworkManager] Reporting accident for lane 1...
[2026-01-28 07:17:51] [INFO] [SafespaceNode] Stopping Safespace Node...
[2026-01-28 07:17:52] [INFO] [NetworkManager] Network Manager stopped
[2026-01-28 07:17:52] [INFO] [CameraHandler] Camera stopped
[2026-01-28 07:17:52] [INFO] [IOManager] IO Manager stopped
[2026-01-28 07:17:52] [INFO] [SafespaceNode] Safespace Node stopped successfully.
[2026-01-28 07:18:16] [INFO] [SafespaceNode] Initializing Safespace Node...
[2026-01-28 07:18:16] [INFO] [SafespaceNode] Starting Safespace Node services...
[2026-01-28 07:18:16] [INFO] [NetworkManager] Connecting to Safespace Central Unit...
[2026-01-28 07:18:16] [INFO] [IOManager] Starting IO components...
[2026-01-28 07:18:16] [INFO] [CameraHandler] Initializing camera hardware (Index: 0)...
[2026-01-28 07:18:16] [INFO] [CameraHandler] Camera capture thread spawned.
[2026-01-28 07:18:16] [INFO] [CameraHandler] Camera hardware ready at 640x480
[2026-01-28 07:18:18] [INFO] [SafespaceNode] User triggered a manual accident report.
[2026-01-28 07:18:18] [INFO] [NetworkManager] Reporting accident for lane 1...
[2026-01-28 07:18:22] [INFO] [SafespaceNode] Stopping Safespace Node...
[2026-01-28 07:18:23] [INFO] [NetworkManager] Network Manager stopped
[2026-01-28 07:18:23] [INFO] [CameraHandler] Camera stopped
[2026-01-28 07:18:23] [INFO] [IOManager] IO Manager stopped
[2026-01-28 07:18:23] [INFO] [SafespaceNode] Safespace Node stopped successfully.
[2026-01-28 07:21:47] [INFO] [SafespaceNode] Initializing Safespace Node...
[2026-01-28 07:21:47] [INFO] [SafespaceNode] Starting Safespace Node services...
[2026-01-28 07:21:47] [INFO] [NetworkManager] Connecting to Safespace Central Unit...
[2026-01-28 07:21:47] [INFO] [IOManager] Starting IO components...
[2026-01-28 07:21:47] [INFO] [CameraHandler] Initializing camera hardware (Index: 0)...
[2026-01-28 07:21:47] [INFO] [CameraHandler] Camera capture thread spawned.
[2026-01-28 07:21:47] [INFO] [CameraHandler] Camera hardware ready at 640x480
[2026-01-28 07:21:50] [INFO] [SafespaceNode] User triggered a manual accident report.
[2026-01-28 07:21:50] [INFO] [NetworkManager] Reporting accident for lane 1...
[2026-01-28 07:22:02] [INFO] [SafespaceNode] Stopping Safespace Node...
[2026-01-28 07:22:03] [INFO] [NetworkManager] Network Manager stopped
[2026-01-28 07:22:03] [INFO] [CameraHandler] Camera stopped
[2026-01-28 07:22:03] [INFO] [IOManager] IO Manager stopped
[2026-01-28 07:22:03] [INFO] [SafespaceNode] Safespace Node stopped successfully.
[2026-01-28 07:23:04] [INFO] [SafespaceNode] Initializing Safespace Node...
[2026-01-28 07:23:04] [INFO] [SafespaceNode] Starting Safespace Node services...
[2026-01-28 07:23:04] [INFO] [NetworkManager] Connecting to Safespace Central Unit...
[2026-01-28 07:23:04] [INFO] [IOManager] Starting IO components...
[2026-01-28 07:23:04] [INFO] [CameraHandler] Initializing camera hardware (Index: 0)...
[2026-01-28 07:23:04] [INFO] [CameraHandler] Camera capture thread spawned.
[2026-01-28 07:23:04] [INFO] [CameraHandler] Camera hardware ready at 640x480
[2026-01-28 07:23:05] [INFO] [SafespaceNode] User triggered a manual accident report.
[2026-01-28 07:23:05] [INFO] [NetworkManager] Reporting accident for lane 1...
[2026-01-28 07:23:18] [INFO] [SafespaceNode] User triggered a manual accident report.
[2026-01-28 07:23:18] [INFO] [NetworkManager] Reporting accident for lane 1...
[2026-01-28 07:23:25] [INFO] [SafespaceNode] Stopping Safespace Node...
[2026-01-28 07:23:26] [INFO] [NetworkManager] Network Manager stopped
[2026-01-28 07:23:26] [INFO] [CameraHandler] Camera stopped
[2026-01-28 07:23:26] [INFO] [IOManager] IO Manager stopped
[2026-01-28 07:23:26] [INFO] [SafespaceNode] Safespace Node stopped successfully.
[2026-01-28 07:23:50] [INFO] [SafespaceNode] Initializing Safespace Node...
[2026-01-28 07:23:50] [INFO] [SafespaceNode] Starting Safespace Node services...
[2026-01-28 07:23:50] [INFO] [NetworkManager] Connecting to Safespace Central Unit...
[2026-01-28 07:23:50] [INFO] [IOManager] Starting IO components...
[2026-01-28 07:23:50] [INFO] [CameraHandler] Initializing camera hardware (Index: 0)...
[2026-01-28 07:23:50] [INFO] [CameraHandler] Camera capture thread spawned.
[2026-01-28 07:23:50] [INFO] [CameraHandler] Camera hardware ready at 640x480
[2026-01-28 07:23:52] [INFO] [SafespaceNode] Stopping Safespace Node...
[2026-01-28 07:23:53] [INFO] [NetworkManager] Network Manager stopped
[2026-01-28 07:23:53] [INFO] [CameraHandler] Camera stopped
[2026-01-28 07:23:53] [INFO] [IOManager] IO Manager stopped
[2026-01-28 07:23:53] [INFO] [SafespaceNode] Safespace Node stopped successfully.
[2026-01-28 07:24:00] [INFO] [SafespaceNode] Initializing Safespace Node...
[2026-01-28 07:24:00] [INFO] [SafespaceNode] Starting Safespace Node services...
[2026-01-28 07:24:00] [INFO] [NetworkManager] Connecting to Safespace Central Unit...
[2026-01-28 07:24:00] [INFO] [IOManager] Starting IO components...
[2026-01-28 07:24:00] [INFO] [CameraHandler] Initializing camera hardware (Index: 0)...
[2026-01-28 07:24:00] [INFO] [CameraHandler] Camera capture thread spawned.
[2026-01-28 07:24:00] [INFO] [CameraHandler] Camera hardware ready at 640x480
[2026-01-28 07:24:03] [INFO] [SafespaceNode] Stopping Safespace Node...
[2026-01-28 07:24:04] [INFO] [NetworkManager] Network Manager stopped
[2026-01-28 07:24:04] [INFO] [CameraHandler] Camera stopped
[2026-01-28 07:24:04] [INFO] [IOManager] IO Manager stopped
[2026-01-28 07:24:04] [INFO] [SafespaceNode] Safespace Node stopped successfully.
[2026-01-28 07:24:41] [INFO] [SafespaceNode] Initializing Safespace Node...
[2026-01-28 07:24:42] [INFO] [SafespaceNode] Starting Safespace Node services...
[2026-01-28 07:24:42] [INFO] [NetworkManager] Connecting to Safespace Central Unit...
[2026-01-28 07:24:42] [INFO] [IOManager] Starting IO components...
[2026-01-28 07:24:42] [INFO] [CameraHandler] Initializing camera hardware (Index: 0)...
[2026-01-28 07:24:42] [INFO] [CameraHandler] Camera capture thread spawned.
[2026-01-28 07:24:42] [INFO] [CameraHandler] Camera hardware ready at 640x480
[2026-01-28 07:24:44] [INFO] [SafespaceNode] User triggered a manual accident report.
[2026-01-28 07:24:44] [INFO] [NetworkManager] Reporting accident for lane 1...
[2026-01-28 07:24:49] [WARNING] [FailureManager] Failure detected: NetworkError - Failed to report accident via WebSocket
[2026-01-28 07:24:54] [INFO] [SafespaceNode] Stopping Safespace Node...
[2026-01-28 07:24:55] [INFO] [NetworkManager] Network Manager stopped
[2026-01-28 07:24:55] [INFO] [CameraHandler] Camera stopped
[2026-01-28 07:24:55] [INFO] [IOManager] IO Manager stopped
[2026-01-28 07:24:55] [INFO] [SafespaceNode] Safespace Node stopped successfully.
[2026-01-28 07:27:04] [INFO] [SafespaceNode] Initializing Safespace Node...
[2026-01-28 07:27:04] [INFO] [SafespaceNode] Starting Safespace Node services...
[2026-01-28 07:27:04] [INFO] [NetworkManager] Connecting to Safespace Central Unit...
[2026-01-28 07:27:04] [INFO] [IOManager] Starting IO components...
[2026-01-28 07:27:04] [INFO] [CameraHandler] Initializing camera hardware (Index: 0)...
[2026-01-28 07:27:04] [INFO] [CameraHandler] Camera capture thread spawned.
[2026-01-28 07:27:04] [INFO] [CameraHandler] Camera hardware ready at 640x480
[2026-01-28 07:27:06] [INFO] [SafespaceNode] User triggered a manual accident report.
[2026-01-28 07:27:06] [INFO] [NetworkManager] Reporting accident for lane 1...
[2026-01-28 07:27:21] [WARNING] [FailureManager] Failure detected: NetworkError - Failed to report accident via WebSocket
[2026-01-28 07:27:33] [INFO] [SafespaceNode] Stopping Safespace Node...
[2026-01-28 07:27:34] [INFO] [NetworkManager] Network Manager stopped
[2026-01-28 07:27:34] [INFO] [CameraHandler] Camera stopped
[2026-01-28 07:27:34] [INFO] [IOManager] IO Manager stopped
[2026-01-28 07:27:34] [INFO] [SafespaceNode] Safespace Node stopped successfully.
[2026-01-28 07:29:47] [INFO] [SafespaceNode] Initializing Safespace Node...
[2026-01-28 07:29:47] [INFO] [SafespaceNode] Starting Safespace Node services...
[2026-01-28 07:29:47] [INFO] [NetworkManager] Connecting to Safespace Central Unit...
[2026-01-28 07:29:47] [INFO] [IOManager] Starting IO components...
[2026-01-28 07:29:47] [INFO] [CameraHandler] Initializing camera hardware (Index: 0)...
[2026-01-28 07:29:47] [INFO] [CameraHandler] Camera capture thread spawned.
[2026-01-28 07:29:47] [INFO] [CameraHandler] Camera hardware ready at 640x480
[2026-01-28 07:29:50] [INFO] [SafespaceNode] User triggered a manual accident report. Transitioning to AWAITING state...
[2026-01-28 07:29:50] [INFO] [NetworkManager] Reporting accident for lane 1...
[2026-01-28 07:29:54] [INFO] [SafespaceNode] Received instruction from Central Unit. Resolving AWAITING state.
[2026-01-28 07:29:54] [INFO] [SafespaceNode] Processing Central Unit Instruction: {'isAccident': True, 'incidentId': 'incident_11_1769578190768', 'speedLimit': 40, 'laneStates': ['up', 'up', 'blocked'], 'timestamp': '2026-01-28T05:29:54.810Z'}
[2026-01-28 07:29:57] [INFO] [SafespaceNode] User triggered a manual accident report. Transitioning to AWAITING state...
[2026-01-28 07:29:57] [INFO] [NetworkManager] Reporting accident for lane 1...
[2026-01-28 07:29:59] [INFO] [SafespaceNode] Received instruction from Central Unit. Resolving AWAITING state.
[2026-01-28 07:29:59] [INFO] [SafespaceNode] Processing Central Unit Instruction: {'isAccident': False, 'incidentId': 'incident_11_1769578197791', 'timestamp': '2026-01-28T05:29:59.922Z'}
[2026-01-28 07:29:59] [INFO] [SafespaceNode] Central Unit dismissed/cleared alert. Resetting display.
[2026-01-28 07:30:04] [INFO] [SafespaceNode] User triggered a manual accident report. Transitioning to AWAITING state...
[2026-01-28 07:30:04] [INFO] [NetworkManager] Reporting accident for lane 1...
[2026-01-28 07:30:05] [WARNING] [FailureManager] Failure detected: NetworkError - Failed to report accident via WebSocket
[2026-01-28 07:30:12] [WARNING] [FailureManager] Failure detected: NetworkError - Failed to report accident via WebSocket
[2026-01-28 07:30:13] [INFO] [SafespaceNode] Received instruction from Central Unit. Resolving AWAITING state.
[2026-01-28 07:30:13] [INFO] [SafespaceNode] Processing Central Unit Instruction: {'isAccident': True, 'incidentId': 'incident_11_1769578204128', 'speedLimit': 0, 'laneStates': ['blocked', 'blocked', 'blocked'], 'timestamp': '2026-01-28T05:30:13.194Z'}
[2026-01-28 07:30:18] [INFO] [SafespaceNode] User triggered a manual accident report. Transitioning to AWAITING state...
[2026-01-28 07:30:18] [INFO] [NetworkManager] Reporting accident for lane 1...
[2026-01-28 07:30:19] [WARNING] [FailureManager] Failure detected: NetworkError - Failed to report accident via WebSocket
[2026-01-28 07:30:22] [INFO] [SafespaceNode] Received instruction from Central Unit. Resolving AWAITING state.
[2026-01-28 07:30:22] [INFO] [SafespaceNode] Processing Central Unit Instruction: {'isAccident': True, 'incidentId': 'incident_11_1769578218729', 'speedLimit': 10, 'laneStates': ['blocked', 'blocked', 'blocked'], 'timestamp': '2026-01-28T05:30:22.843Z'}
[2026-01-28 07:30:28] [INFO] [SafespaceNode] User triggered a manual accident report. Transitioning to AWAITING state...
[2026-01-28 07:30:28] [INFO] [NetworkManager] Reporting accident for lane 1...
[2026-01-28 07:30:33] [INFO] [SafespaceNode] Received instruction from Central Unit. Resolving AWAITING state.
[2026-01-28 07:30:33] [INFO] [SafespaceNode] Processing Central Unit Instruction: {'isAccident': True, 'incidentId': 'incident_11_1769578228495', 'speedLimit': 0, 'laneStates': ['blocked', 'blocked', 'blocked'], 'timestamp': '2026-01-28T05:30:33.283Z'}
[2026-01-28 07:30:33] [WARNING] [FailureManager] Failure detected: NetworkError - Failed to report accident via WebSocket
[2026-01-28 07:30:36] [INFO] [SafespaceNode] User triggered a manual accident report. Transitioning to AWAITING state...
[2026-01-28 07:30:36] [INFO] [NetworkManager] Reporting accident for lane 1...
[2026-01-28 07:30:40] [INFO] [SafespaceNode] Received instruction from Central Unit. Resolving AWAITING state.
[2026-01-28 07:30:40] [INFO] [SafespaceNode] Processing Central Unit Instruction: {'isAccident': True, 'incidentId': 'incident_11_1769578236264', 'speedLimit': 1, 'laneStates': ['blocked', 'blocked', 'blocked'], 'timestamp': '2026-01-28T05:30:40.202Z'}
[2026-01-28 07:30:43] [WARNING] [FailureManager] Failure detected: NetworkError - Failed to report accident via WebSocket
[2026-01-28 07:30:43] [WARNING] [FailureManager] Resilience Alert: Failure 'NetworkError' exceeded threshold (5 in 300s).
[2026-01-28 07:30:44] [INFO] [SafespaceNode] User triggered a manual accident report. Transitioning to AWAITING state...
[2026-01-28 07:30:44] [INFO] [NetworkManager] Reporting accident for lane 1...
[2026-01-28 07:30:46] [INFO] [SafespaceNode] Received instruction from Central Unit. Resolving AWAITING state.
[2026-01-28 07:30:46] [INFO] [SafespaceNode] Processing Central Unit Instruction: {'isAccident': False, 'incidentId': 'incident_11_1769578244886', 'timestamp': '2026-01-28T05:30:46.450Z'}
[2026-01-28 07:30:46] [INFO] [SafespaceNode] Central Unit dismissed/cleared alert. Resetting display.
[2026-01-28 07:30:49] [INFO] [SafespaceNode] Stopping Safespace Node...
[2026-01-28 07:30:50] [INFO] [NetworkManager] Network Manager stopped
[2026-01-28 07:30:51] [INFO] [CameraHandler] Camera stopped
[2026-01-28 07:30:51] [INFO] [IOManager] IO Manager stopped
[2026-01-28 07:30:51] [INFO] [SafespaceNode] Safespace Node stopped successfully.
[2026-01-28 07:49:32] [INFO] [SafespaceNode] Initializing Safespace Node...
[2026-01-28 07:49:32] [INFO] [SafespaceNode] Starting Safespace Node services...
[2026-01-28 07:49:32] [INFO] [NetworkManager] Connecting to Safespace Central Unit...
[2026-01-28 07:49:32] [INFO] [IOManager] Starting IO components...
[2026-01-28 07:49:32] [INFO] [CameraHandler] Initializing camera hardware (Index: 0)...
[2026-01-28 07:49:32] [INFO] [CameraHandler] Camera capture thread spawned.
[2026-01-28 07:49:32] [INFO] [CameraHandler] Camera hardware ready at 640x480
[2026-01-28 07:49:35] [INFO] [SafespaceNode] User triggered a manual accident report. Transitioning to AWAITING state...
[2026-01-28 07:49:35] [INFO] [NetworkManager] Reporting accident for lane 1...
[2026-01-28 07:49:45] [INFO] [SafespaceNode] Received instruction from Central Unit. Resolving AWAITING state.
[2026-01-28 07:49:45] [INFO] [SafespaceNode] Processing Central Unit Instruction: {'isAccident': False, 'incidentId': 'incident_11_1769579375445', 'timestamp': '2026-01-28T05:49:45.941Z'}
[2026-01-28 07:49:45] [INFO] [SafespaceNode] Central Unit dismissed/cleared alert. Resetting display.
[2026-01-28 07:49:50] [WARNING] [FailureManager] Failure detected: NetworkError - Failed to report accident via WebSocket
[2026-01-28 07:49:53] [INFO] [SafespaceNode] Stopping Safespace Node...
[2026-01-28 07:49:54] [INFO] [NetworkManager] Network Manager stopped
[2026-01-28 07:49:54] [INFO] [CameraHandler] Camera stopped
[2026-01-28 07:49:54] [INFO] [IOManager] IO Manager stopped
[2026-01-28 07:49:54] [INFO] [SafespaceNode] Safespace Node stopped successfully.
[2026-01-28 07:50:49] [INFO] [SafespaceNode] Initializing Safespace Node...
[2026-01-28 07:50:49] [INFO] [SafespaceNode] Starting Safespace Node services...
[2026-01-28 07:50:49] [INFO] [NetworkManager] Connecting to Safespace Central Unit...
[2026-01-28 07:50:49] [INFO] [IOManager] Starting IO components...
[2026-01-28 07:50:49] [INFO] [CameraHandler] Initializing camera hardware (Index: 0)...
[2026-01-28 07:50:49] [INFO] [CameraHandler] Camera capture thread spawned.
[2026-01-28 07:50:50] [INFO] [CameraHandler] Camera hardware ready at 640x480
[2026-01-28 07:50:53] [INFO] [SafespaceNode] User triggered a manual accident report. Transitioning to AWAITING state...
[2026-01-28 07:50:53] [INFO] [NetworkManager] Reporting accident for lane 1...
[2026-01-28 07:50:58] [INFO] [SafespaceNode] Received instruction from Central Unit. Resolving AWAITING state.
[2026-01-28 07:50:58] [INFO] [SafespaceNode] Processing Central Unit Instruction: {'isAccident': True, 'incidentId': 'incident_11_1769579453050', 'speedLimit': 40, 'laneStates': ['up', 'blocked', 'up'], 'timestamp': '2026-01-28T05:50:58.902Z'}
[2026-01-28 07:51:02] [INFO] [SafespaceNode] User triggered a manual accident report. Transitioning to AWAITING state...
[2026-01-28 07:51:02] [INFO] [NetworkManager] Reporting accident for lane 1...
[2026-01-28 07:51:05] [INFO] [SafespaceNode] Received instruction from Central Unit. Resolving AWAITING state.
[2026-01-28 07:51:05] [INFO] [SafespaceNode] Processing Central Unit Instruction: {'isAccident': True, 'incidentId': 'incident_11_1769579462063', 'speedLimit': 40, 'laneStates': ['right', 'blocked', 'up'], 'timestamp': '2026-01-28T05:51:05.926Z'}
[2026-01-28 07:51:08] [WARNING] [FailureManager] Failure detected: NetworkError - Failed to report accident via WebSocket
[2026-01-28 07:51:08] [INFO] [SafespaceNode] User triggered a manual accident report. Transitioning to AWAITING state...
[2026-01-28 07:51:08] [INFO] [NetworkManager] Reporting accident for lane 1...
[2026-01-28 07:51:10] [INFO] [SafespaceNode] Received instruction from Central Unit. Resolving AWAITING state.
[2026-01-28 07:51:10] [INFO] [SafespaceNode] Processing Central Unit Instruction: {'isAccident': False, 'incidentId': 'incident_11_1769579468102', 'timestamp': '2026-01-28T05:51:10.350Z'}
[2026-01-28 07:51:10] [INFO] [SafespaceNode] Central Unit dismissed/cleared alert. Resetting display.
[2026-01-28 07:51:17] [WARNING] [FailureManager] Failure detected: NetworkError - Failed to report accident via WebSocket
[2026-01-28 07:51:23] [WARNING] [FailureManager] Failure detected: NetworkError - Failed to report accident via WebSocket
[2026-01-28 07:51:41] [INFO] [SafespaceNode] Stopping Safespace Node...
[2026-01-28 07:51:42] [INFO] [NetworkManager] Network Manager stopped
[2026-01-28 07:51:42] [INFO] [CameraHandler] Camera stopped
[2026-01-28 07:51:42] [INFO] [IOManager] IO Manager stopped
[2026-01-28 07:51:42] [INFO] [SafespaceNode] Safespace Node stopped successfully.
[2026-01-28 07:51:52] [INFO] [SafespaceNode] Initializing Safespace Node...
[2026-01-28 07:51:52] [INFO] [SafespaceNode] Starting Safespace Node services...
[2026-01-28 07:51:52] [INFO] [NetworkManager] Connecting to Safespace Central Unit...
[2026-01-28 07:51:52] [INFO] [IOManager] Starting IO components...
[2026-01-28 07:51:52] [INFO] [CameraHandler] Initializing camera hardware (Index: 0)...
[2026-01-28 07:51:52] [INFO] [CameraHandler] Camera capture thread spawned.
[2026-01-28 07:51:53] [INFO] [CameraHandler] Camera hardware ready at 640x480
[2026-01-28 07:51:55] [INFO] [SafespaceNode] User triggered a manual accident report. Transitioning to AWAITING state...
[2026-01-28 07:51:55] [INFO] [NetworkManager] Reporting accident for lane 1...
[2026-01-28 07:52:00] [INFO] [SafespaceNode] Received instruction from Central Unit. Resolving AWAITING state.
[2026-01-28 07:52:00] [INFO] [SafespaceNode] Processing Central Unit Instruction: {'isAccident': True, 'incidentId': 'incident_11_1769579515854', 'speedLimit': 40, 'laneStates': ['right', 'blocked', 'up'], 'timestamp': '2026-01-28T05:52:00.327Z'}
[2026-01-28 07:52:03] [INFO] [SafespaceNode] User triggered a manual accident report. Transitioning to AWAITING state...
[2026-01-28 07:52:03] [INFO] [NetworkManager] Reporting accident for lane 1...
[2026-01-28 07:52:08] [INFO] [SafespaceNode] Received instruction from Central Unit. Resolving AWAITING state.
[2026-01-28 07:52:08] [INFO] [SafespaceNode] Processing Central Unit Instruction: {'isAccident': False, 'incidentId': 'incident_11_1769579523938', 'timestamp': '2026-01-28T05:52:08.039Z'}
[2026-01-28 07:52:08] [INFO] [SafespaceNode] Central Unit dismissed/cleared alert. Resetting display.
[2026-01-28 07:52:10] [INFO] [SafespaceNode] User triggered a manual accident report. Transitioning to AWAITING state...
[2026-01-28 07:52:10] [INFO] [NetworkManager] Reporting accident for lane 1...
[2026-01-28 07:52:10] [WARNING] [FailureManager] Failure detected: NetworkError - Failed to report accident via WebSocket
[2026-01-28 07:52:18] [WARNING] [FailureManager] Failure detected: NetworkError - Failed to report accident via WebSocket
[2026-01-28 07:52:19] [INFO] [SafespaceNode] Received instruction from Central Unit. Resolving AWAITING state.
[2026-01-28 07:52:19] [INFO] [SafespaceNode] Processing Central Unit Instruction: {'isAccident': True, 'incidentId': 'incident_11_1769579530555', 'speedLimit': 40, 'laneStates': ['left', 'blocked', 'right'], 'timestamp': '2026-01-28T05:52:19.159Z'}
[2026-01-28 07:52:24] [INFO] [SafespaceNode] User triggered a manual accident report. Transitioning to AWAITING state...
[2026-01-28 07:52:24] [INFO] [NetworkManager] Reporting accident for lane 1...
[2026-01-28 07:52:25] [WARNING] [FailureManager] Failure detected: NetworkError - Failed to report accident via WebSocket
[2026-01-28 07:52:30] [INFO] [SafespaceNode] Received instruction from Central Unit. Resolving AWAITING state.
[2026-01-28 07:52:30] [INFO] [SafespaceNode] Processing Central Unit Instruction: {'isAccident': False, 'incidentId': 'incident_11_1769579544464', 'timestamp': '2026-01-28T05:52:30.504Z'}
[2026-01-28 07:52:30] [INFO] [SafespaceNode] Central Unit dismissed/cleared alert. Resetting display.
[2026-01-28 07:52:39] [WARNING] [FailureManager] Failure detected: NetworkError - Failed to report accident via WebSocket
[2026-01-28 07:56:00] [INFO] [SafespaceNode] Stopping Safespace Node...
[2026-01-28 07:56:01] [INFO] [NetworkManager] Network Manager stopped
[2026-01-28 07:56:02] [INFO] [CameraHandler] Camera stopped
[2026-01-28 07:56:02] [INFO] [IOManager] IO Manager stopped
[2026-01-28 07:56:02] [INFO] [SafespaceNode] Safespace Node stopped successfully.
[2026-02-04 18:52:09] [INFO] [SafespaceNode] Initializing Safespace Node...
[2026-02-04 18:52:09] [INFO] [SafespaceNode] Starting Safespace Node services...
[2026-02-04 18:52:09] [INFO] [NetworkManager] Connecting to Safespace Central Unit...
[2026-02-04 18:52:09] [ERROR] [FailureManager] CRITICAL: Failure detected: NetworkError - Initial connection failed
[2026-02-04 18:52:09] [WARNING] [SafespaceNode] Network starting failed - Node running in offline mode
[2026-02-04 18:52:09] [INFO] [IOManager] Starting IO components...
[2026-02-04 18:52:09] [INFO] [CameraHandler] Initializing camera hardware (Index: 0)...
[2026-02-04 18:52:09] [INFO] [CameraHandler] Camera capture thread spawned.
[2026-02-04 18:52:10] [INFO] [CameraHandler] Camera hardware ready at 640x480
[2026-02-04 18:52:23] [INFO] [SafespaceNode] Stopping Safespace Node...
[2026-02-04 18:52:23] [INFO] [NetworkManager] Network Manager stopped
[2026-02-04 18:52:24] [INFO] [CameraHandler] Camera stopped
[2026-02-04 18:52:24] [INFO] [IOManager] IO Manager stopped
[2026-02-04 18:52:24] [INFO] [SafespaceNode] Safespace Node stopped successfully.
[2026-02-04 18:52:46] [INFO] [SafespaceNode] Initializing Safespace Node...
[2026-02-04 18:52:46] [INFO] [SafespaceNode] Starting Safespace Node services...
[2026-02-04 18:52:46] [INFO] [NetworkManager] Connecting to Safespace Central Unit...
[2026-02-04 18:52:46] [ERROR] [FailureManager] CRITICAL: Failure detected: NetworkError - Initial connection failed
[2026-02-04 18:52:46] [WARNING] [SafespaceNode] Network starting failed - Node running in offline mode
[2026-02-04 18:52:46] [INFO] [IOManager] Starting IO components...
[2026-02-04 18:52:46] [INFO] [CameraHandler] Initializing camera hardware (Index: 0)...
[2026-02-04 18:52:46] [INFO] [CameraHandler] Camera capture thread spawned.
[2026-02-04 18:52:46] [INFO] [CameraHandler] Camera hardware ready at 640x480
[2026-02-04 18:52:49] [INFO] [SafespaceNode] User triggered a manual accident report. Transitioning to AWAITING state...
[2026-02-04 18:52:49] [INFO] [NetworkManager] Reporting accident for lane 1...
[2026-02-04 18:52:49] [WARNING] [FailureManager] Failure detected: NetworkError - Failed to report accident via WebSocket
[2026-02-04 18:52:52] [WARNING] [SafespaceNode] Ignored: Node is already awaiting action from the Central Unit.
[2026-02-04 18:52:53] [WARNING] [SafespaceNode] Ignored: Node is already awaiting action from the Central Unit.
[2026-02-04 18:52:53] [WARNING] [SafespaceNode] Ignored: Node is already awaiting action from the Central Unit.
[2026-02-04 18:52:53] [WARNING] [SafespaceNode] Ignored: Node is already awaiting action from the Central Unit.
[2026-02-04 18:52:53] [WARNING] [SafespaceNode] Ignored: Node is already awaiting action from the Central Unit.
[2026-02-04 18:52:53] [WARNING] [SafespaceNode] Ignored: Node is already awaiting action from the Central Unit.
[2026-02-04 18:53:03] [INFO] [SafespaceNode] Stopping Safespace Node...
[2026-02-04 18:53:03] [INFO] [NetworkManager] Network Manager stopped
[2026-02-04 18:53:04] [INFO] [CameraHandler] Camera stopped
[2026-02-04 18:53:04] [INFO] [IOManager] IO Manager stopped
[2026-02-04 18:53:04] [INFO] [SafespaceNode] Safespace Node stopped successfully.
